0 info it worked if it ends with ok
1 verbose cli [ 'node',
1 verbose cli   '/Users/admin/.nvm/versions/node/v0.12.2/bin/npm',
1 verbose cli   'install',
1 verbose cli   'ngAnimate',
1 verbose cli   '--save' ]
2 info using npm@3.5.2
3 info using node@v0.12.2
4 silly loadCurrentTree Starting
5 silly install loadCurrentTree
6 silly install readLocalPackageData
7 silly fetchPackageMetaData ngAnimate
8 silly fetchNamedPackageData ngAnimate
9 silly mapToRegistry name ngAnimate
10 silly mapToRegistry using default registry
11 silly mapToRegistry registry https://registry.npmjs.org/
12 silly mapToRegistry uri https://registry.npmjs.org/ngAnimate
13 verbose request uri https://registry.npmjs.org/ngAnimate
14 verbose request no auth needed
15 info attempt registry request try #1 at 12:11:20 AM
16 verbose request id 7ac94e9e91bd5b02
17 http request GET https://registry.npmjs.org/ngAnimate
18 http 404 https://registry.npmjs.org/ngAnimate
19 verbose headers { 'content-type': 'application/json',
19 verbose headers   'cache-control': 'max-age=0',
19 verbose headers   'content-length': '2',
19 verbose headers   'accept-ranges': 'bytes',
19 verbose headers   date: 'Wed, 03 Aug 2016 06:11:20 GMT',
19 verbose headers   via: '1.1 varnish',
19 verbose headers   age: '0',
19 verbose headers   connection: 'keep-alive',
19 verbose headers   'x-served-by': 'cache-lax1420-LAX',
19 verbose headers   'x-cache': 'MISS',
19 verbose headers   'x-cache-hits': '0',
19 verbose headers   'x-timer': 'S1470204680.365910,VS0,VE143',
19 verbose headers   vary: 'Accept-Encoding' }
20 silly get cb [ 404,
20 silly get   { 'content-type': 'application/json',
20 silly get     'cache-control': 'max-age=0',
20 silly get     'content-length': '2',
20 silly get     'accept-ranges': 'bytes',
20 silly get     date: 'Wed, 03 Aug 2016 06:11:20 GMT',
20 silly get     via: '1.1 varnish',
20 silly get     age: '0',
20 silly get     connection: 'keep-alive',
20 silly get     'x-served-by': 'cache-lax1420-LAX',
20 silly get     'x-cache': 'MISS',
20 silly get     'x-cache-hits': '0',
20 silly get     'x-timer': 'S1470204680.365910,VS0,VE143',
20 silly get     vary: 'Accept-Encoding' } ]
21 silly fetchPackageMetaData Error: Registry returned 404 for GET on https://registry.npmjs.org/ngAnimate
21 silly fetchPackageMetaData     at makeError (/Users/admin/.nvm/versions/node/v0.12.2/lib/node_modules/npm/node_modules/npm-registry-client/lib/request.js:264:12)
21 silly fetchPackageMetaData     at CachingRegistryClient.<anonymous> (/Users/admin/.nvm/versions/node/v0.12.2/lib/node_modules/npm/node_modules/npm-registry-client/lib/request.js:242:14)
21 silly fetchPackageMetaData     at Request._callback (/Users/admin/.nvm/versions/node/v0.12.2/lib/node_modules/npm/node_modules/npm-registry-client/lib/request.js:172:14)
21 silly fetchPackageMetaData     at Request.self.callback (/Users/admin/.nvm/versions/node/v0.12.2/lib/node_modules/npm/node_modules/request/request.js:198:22)
21 silly fetchPackageMetaData     at Request.emit (events.js:110:17)
21 silly fetchPackageMetaData     at Request.<anonymous> (/Users/admin/.nvm/versions/node/v0.12.2/lib/node_modules/npm/node_modules/request/request.js:1082:10)
21 silly fetchPackageMetaData     at Request.emit (events.js:129:20)
21 silly fetchPackageMetaData     at IncomingMessage.<anonymous> (/Users/admin/.nvm/versions/node/v0.12.2/lib/node_modules/npm/node_modules/request/request.js:1009:12)
21 silly fetchPackageMetaData     at IncomingMessage.emit (events.js:129:20)
21 silly fetchPackageMetaData     at _stream_readable.js:908:16
21 silly fetchPackageMetaData  error for ngAnimate { [Error: Registry returned 404 for GET on https://registry.npmjs.org/ngAnimate] pkgid: 'ngAnimate', statusCode: 404, code: 'E404' }
22 silly rollbackFailedOptional Starting
23 silly rollbackFailedOptional Finishing
24 silly runTopLevelLifecycles Starting
25 silly runTopLevelLifecycles Finishing
26 silly install printInstalled
27 verbose stack Error: Registry returned 404 for GET on https://registry.npmjs.org/ngAnimate
27 verbose stack     at makeError (/Users/admin/.nvm/versions/node/v0.12.2/lib/node_modules/npm/node_modules/npm-registry-client/lib/request.js:264:12)
27 verbose stack     at CachingRegistryClient.<anonymous> (/Users/admin/.nvm/versions/node/v0.12.2/lib/node_modules/npm/node_modules/npm-registry-client/lib/request.js:242:14)
27 verbose stack     at Request._callback (/Users/admin/.nvm/versions/node/v0.12.2/lib/node_modules/npm/node_modules/npm-registry-client/lib/request.js:172:14)
27 verbose stack     at Request.self.callback (/Users/admin/.nvm/versions/node/v0.12.2/lib/node_modules/npm/node_modules/request/request.js:198:22)
27 verbose stack     at Request.emit (events.js:110:17)
27 verbose stack     at Request.<anonymous> (/Users/admin/.nvm/versions/node/v0.12.2/lib/node_modules/npm/node_modules/request/request.js:1082:10)
27 verbose stack     at Request.emit (events.js:129:20)
27 verbose stack     at IncomingMessage.<anonymous> (/Users/admin/.nvm/versions/node/v0.12.2/lib/node_modules/npm/node_modules/request/request.js:1009:12)
27 verbose stack     at IncomingMessage.emit (events.js:129:20)
27 verbose stack     at _stream_readable.js:908:16
28 verbose statusCode 404
29 verbose pkgid ngAnimate
30 verbose cwd /Users/admin/Desktop/Web-Work/wavhello
31 error Darwin 14.3.0
32 error argv "node" "/Users/admin/.nvm/versions/node/v0.12.2/bin/npm" "install" "ngAnimate" "--save"
33 error node v0.12.2
34 error npm  v3.5.2
35 error code E404
36 error 404 Registry returned 404 for GET on https://registry.npmjs.org/ngAnimate
37 error 404
38 error 404 'ngAnimate' is not in the npm registry.
39 error 404 Your package name is not valid, because
40 error 404 1. name can no longer contain capital letters
41 error 404 Note that you can also install from a
42 error 404 tarball, folder, http url, or git url.
43 verbose exit [ 1, true ]
